INFO:root:Constructing parser
DEBUG:root:Constructing put subparser
DEBUG:root:constructing a get subparser
INFO:root:Constructing parser
DEBUG:root:Constructing put subparser
DEBUG:root:constructing a get subparser
ERROR:root:FIXME: Unimplemented - put('list', 'A sequence of things - created with []')
INFO:root:Constructing parser
DEBUG:root:Constructing put subparser
DEBUG:root:constructing a get subparser
ERROR:root:FIXME: Unimplemented - get('list')
INFO:root:Constructing parser
DEBUG:root:Constructing put subparser
DEBUG:root:constructing a get subparser
ERROR:root:FIXME: Unimplemented - get('list')
INFO:root:Constructing parser
DEBUG:root:Constructing put subparser
DEBUG:root:constructing a get subparser
ERROR:root:FIXME: Unimplemented - get('help')
INFO:root:Constructing parser
DEBUG:root:Constructing put subparser
DEBUG:root:constructing a get subparser
INFO:root:Constructing parser
DEBUG:root:Constructing put subparser
DEBUG:root:constructing a get subparser
ERROR:root:FIXME: Unimplemented - get('list')
INFO:root:Constructing parser
DEBUG:root:Connecting to PostgreSQL
DEBUG:root:Database connection established.
DEBUG:root:Constructing put subparser
DEBUG:root:constructing a get subparser
INFO:root:Storing snippet 'Test': 'This is a test snippet'
DEBUG:root:Connecting to PostgreSQL
DEBUG:root:Database connection established.
INFO:root:Constructing parser
DEBUG:root:Constructing put subparser
DEBUG:root:constructing a get subparser
INFO:root:Storing snippet 'Test': 'This is a test snippet'
DEBUG:root:Snippet stored successfully.
DEBUG:root:Connecting to PostgreSQL
DEBUG:root:Database connection established.
INFO:root:Constructing parser
DEBUG:root:Constructing put subparser
DEBUG:root:constructing a get subparser
INFO:root:Getting snippet 'Test'
DEBUG:root:Snippet retrieved successfully
DEBUG:root:Connecting to PostgreSQL
DEBUG:root:Database connection established.
INFO:root:Constructing parser
DEBUG:root:Constructing put subparser
DEBUG:root:constructing a get subparser
INFO:root:Getting snippet 'Test'
DEBUG:root:Connecting to PostgreSQL
DEBUG:root:Database connection established.
INFO:root:Constructing parser
DEBUG:root:Constructing put subparser
DEBUG:root:constructing a get subparser
INFO:root:Getting snippet 'Test'
DEBUG:root:Connecting to PostgreSQL
DEBUG:root:Database connection established.
INFO:root:Constructing parser
DEBUG:root:Constructing put subparser
DEBUG:root:constructing a get subparser
INFO:root:Getting snippet 'Test'
DEBUG:root:Connecting to PostgreSQL
DEBUG:root:Database connection established.
INFO:root:Constructing parser
DEBUG:root:Constructing put subparser
DEBUG:root:constructing a get subparser
INFO:root:Getting snippet 'Test'
DEBUG:root:Snippet retrieved successfully
DEBUG:root:Connecting to PostgreSQL
DEBUG:root:Database connection established.
INFO:root:Constructing parser
DEBUG:root:Constructing put subparser
DEBUG:root:constructing a get subparser
INFO:root:Storing snippet 'NewTest': 'This is going to be in addition to the previous Test'
DEBUG:root:Snippet stored successfully.
DEBUG:root:Connecting to PostgreSQL
DEBUG:root:Database connection established.
INFO:root:Constructing parser
DEBUG:root:Constructing put subparser
DEBUG:root:constructing a get subparser
INFO:root:Getting snippet 'newTest'
DEBUG:root:Snippet retrieved successfully
DEBUG:root:Connecting to PostgreSQL
DEBUG:root:Database connection established.
INFO:root:Constructing parser
DEBUG:root:Constructing put subparser
DEBUG:root:constructing a get subparser
INFO:root:Getting snippet 'NewTest'
DEBUG:root:Snippet retrieved successfully
DEBUG:root:Connecting to PostgreSQL
DEBUG:root:Database connection established.
INFO:root:Constructing parser
DEBUG:root:Constructing put subparser
DEBUG:root:constructing a get subparser
INFO:root:Getting snippet 'NewTest'
DEBUG:root:Snippet retrieved successfully
DEBUG:root:Connecting to PostgreSQL
DEBUG:root:Database connection established.
INFO:root:Constructing parser
DEBUG:root:Constructing put subparser
DEBUG:root:constructing a get subparser
INFO:root:Getting snippet 'newTest'
DEBUG:root:Snippet retrieved successfully
DEBUG:root:Connecting to PostgreSQL
DEBUG:root:Database connection established.
INFO:root:Constructing parser
DEBUG:root:Constructing put subparser
DEBUG:root:constructing a get subparser
INFO:root:Getting snippet 'newTest'
DEBUG:root:Snippet retrieved successfully
DEBUG:root:Connecting to PostgreSQL
DEBUG:root:Database connection established.
INFO:root:Constructing parser
DEBUG:root:Constructing put subparser
DEBUG:root:constructing a get subparser
INFO:root:Storing snippet 'NewTest': 'This is going to be in addition to the previous Test'
DEBUG:root:Connecting to PostgreSQL
DEBUG:root:Database connection established.
INFO:root:Constructing parser
DEBUG:root:Constructing put subparser
DEBUG:root:constructing a get subparser
INFO:root:Storing snippet 'NewTest': 'This is going to be in addition to the previous Test'
DEBUG:root:Connecting to PostgreSQL
DEBUG:root:Database connection established.
INFO:root:Constructing parser
DEBUG:root:Constructing put subparser
DEBUG:root:constructing a get subparser
INFO:root:Storing snippet 'NewTest': 'This is going to be in addition to the previous Test'
DEBUG:root:Snippet stored successfully.
DEBUG:root:Connecting to PostgreSQL
DEBUG:root:Database connection established.
INFO:root:Constructing parser
DEBUG:root:Constructing put subparser
DEBUG:root:constructing a get subparser
INFO:root:Storing snippet 'Nextitem': 'adds new tuple to row'
DEBUG:root:Snippet stored successfully.
DEBUG:root:Connecting to PostgreSQL
DEBUG:root:Database connection established.
INFO:root:Constructing parser
DEBUG:root:Constructing put subparser
DEBUG:root:constructing a get subparser
INFO:root:Getting snippet 'Nextitem'
DEBUG:root:Connecting to PostgreSQL
DEBUG:root:Database connection established.
INFO:root:Constructing parser
DEBUG:root:Constructing put subparser
DEBUG:root:constructing a get subparser
INFO:root:Getting snippet 'Nextitem'
DEBUG:root:Snippet retrieved successfully
DEBUG:root:Connecting to PostgreSQL
DEBUG:root:Database connection established.
INFO:root:Constructing parser
DEBUG:root:Constructing put subparser
DEBUG:root:constructing a get subparser
INFO:root:Storing snippet 'Nextitem': 'DOESNT add new tuple to row'
DEBUG:root:Snippet stored successfully.
DEBUG:root:Connecting to PostgreSQL
DEBUG:root:Database connection established.
INFO:root:Constructing parser
DEBUG:root:Constructing put subparser
DEBUG:root:constructing a get subparser
INFO:root:Getting snippet 'nextitem'
DEBUG:root:Snippet retrieved successfully
DEBUG:root:Connecting to PostgreSQL
DEBUG:root:Database connection established.
INFO:root:Constructing parser
DEBUG:root:Constructing put subparser
DEBUG:root:constructing a get subparser
DEBUG:root:Connecting to PostgreSQL
DEBUG:root:Database connection established.
INFO:root:Constructing parser
DEBUG:root:Constructing put subparser
DEBUG:root:constructing a get subparser
DEBUG:root:constructing a catalog subparser
DEBUG:root:Connecting to PostgreSQL
DEBUG:root:Database connection established.
INFO:root:Constructing parser
DEBUG:root:Constructing put subparser
DEBUG:root:constructing a get subparser
DEBUG:root:constructing a catalog subparser
INFO:root:Getting snippet 'Nextitem'
DEBUG:root:Snippet retrieved successfully
DEBUG:root:Connecting to PostgreSQL
DEBUG:root:Database connection established.
INFO:root:Constructing parser
DEBUG:root:Constructing put subparser
DEBUG:root:constructing a get subparser
DEBUG:root:constructing a catalog subparser
DEBUG:root:Connecting to PostgreSQL
DEBUG:root:Database connection established.
INFO:root:Constructing parser
DEBUG:root:Constructing put subparser
DEBUG:root:constructing a get subparser
DEBUG:root:constructing a catalog subparser
DEBUG:root:Connecting to PostgreSQL
DEBUG:root:Database connection established.
INFO:root:Constructing parser
DEBUG:root:Constructing put subparser
DEBUG:root:constructing a get subparser
DEBUG:root:constructing a catalog subparser
DEBUG:root:Connecting to PostgreSQL
DEBUG:root:Database connection established.
INFO:root:Constructing parser
DEBUG:root:Constructing put subparser
DEBUG:root:constructing a get subparser
DEBUG:root:constructing a catalog subparser
DEBUG:root:Connecting to PostgreSQL
DEBUG:root:Database connection established.
INFO:root:Constructing parser
DEBUG:root:Constructing put subparser
DEBUG:root:constructing a get subparser
DEBUG:root:constructing a catalog subparser
DEBUG:root:All Keys retrieved successful
DEBUG:root:Connecting to PostgreSQL
DEBUG:root:Database connection established.
INFO:root:Constructing parser
DEBUG:root:Constructing put subparser
DEBUG:root:constructing a get subparser
DEBUG:root:constructing a catalog subparser
DEBUG:root:All Keys retrieved successful
DEBUG:root:Connecting to PostgreSQL
DEBUG:root:Connecting to PostgreSQL
DEBUG:root:Connecting to PostgreSQL
DEBUG:root:Database connection established.
INFO:root:Constructing parser
DEBUG:root:Constructing put subparser
DEBUG:root:constructing a get subparser
DEBUG:root:constructing a catalog subparser
DEBUG:root:All Keys retrieved successful
DEBUG:root:Connecting to PostgreSQL
DEBUG:root:Database connection established.
INFO:root:Constructing parser
DEBUG:root:Constructing put subparser
DEBUG:root:constructing a get subparser
DEBUG:root:constructing a catalog subparser
INFO:root:Storing snippet 'Nextitem': 'cuts and places message to next row'
DEBUG:root:Snippet stored successfully.
DEBUG:root:Connecting to PostgreSQL
DEBUG:root:Database connection established.
INFO:root:Constructing parser
DEBUG:root:Constructing put subparser
DEBUG:root:constructing a get subparser
DEBUG:root:constructing a catalog subparser
DEBUG:root:Connecting to PostgreSQL
DEBUG:root:Database connection established.
INFO:root:Constructing parser
DEBUG:root:Constructing put subparser
DEBUG:root:constructing a get subparser
DEBUG:root:constructing a catalog subparser
INFO:root:Getting snippet 'Nextitem'
DEBUG:root:Snippet retrieved successfully
DEBUG:root:Connecting to PostgreSQL
DEBUG:root:Database connection established.
INFO:root:Constructing parser
DEBUG:root:Constructing put subparser
DEBUG:root:constructing a get subparser
DEBUG:root:constructing a catalog subparser
DEBUG:root:All Keys retrieved successful
DEBUG:root:Connecting to PostgreSQL
DEBUG:root:Database connection established.
INFO:root:Constructing parser
DEBUG:root:Constructing put subparser
DEBUG:root:constructing a get subparser
DEBUG:root:constructing a catalog subparser
DEBUG:root:Connecting to PostgreSQL
DEBUG:root:Database connection established.
INFO:root:Constructing parser
DEBUG:root:Constructing put subparser
DEBUG:root:constructing a get subparser
DEBUG:root:constructing a catalog subparser
INFO:root:Storing snippet 'Test': 'This is a test'
DEBUG:root:Snippet stored successfully.
DEBUG:root:Connecting to PostgreSQL
DEBUG:root:Database connection established.
INFO:root:Constructing parser
DEBUG:root:Constructing put subparser
DEBUG:root:constructing a get subparser
DEBUG:root:constructing a catalog subparser
INFO:root:Storing snippet 'Test': 'This is a test'
DEBUG:root:Snippet stored successfully.
DEBUG:root:Connecting to PostgreSQL
DEBUG:root:Database connection established.
INFO:root:Constructing parser
DEBUG:root:Constructing put subparser
DEBUG:root:constructing a get subparser
DEBUG:root:constructing a catalog subparser
INFO:root:Storing snippet 'Test': 'This is a test'
DEBUG:root:Snippet stored successfully.
DEBUG:root:Connecting to PostgreSQL
DEBUG:root:Connecting to PostgreSQL
DEBUG:root:Database connection established.
INFO:root:Constructing parser
DEBUG:root:Constructing put subparser
DEBUG:root:constructing a get subparser
DEBUG:root:constructing a catalog subparser
DEBUG:root:Connecting to PostgreSQL
DEBUG:root:Database connection established.
INFO:root:Constructing parser
DEBUG:root:Constructing put subparser
DEBUG:root:constructing a get subparser
DEBUG:root:constructing a catalog subparser
DEBUG:root:constructing a search subparser
DEBUG:root:Connecting to PostgreSQL
DEBUG:root:Database connection established.
INFO:root:Constructing parser
DEBUG:root:Constructing put subparser
DEBUG:root:constructing a get subparser
DEBUG:root:constructing a catalog subparser
DEBUG:root:constructing a search subparser
DEBUG:root:getting all key-message pairs with 'remove' in the message
DEBUG:root:Connecting to PostgreSQL
DEBUG:root:Database connection established.
INFO:root:Constructing parser
DEBUG:root:Constructing put subparser
DEBUG:root:constructing a get subparser
DEBUG:root:constructing a catalog subparser
DEBUG:root:constructing a search subparser
DEBUG:root:getting all key-message pairs with 'remove' in the message
DEBUG:root:Connecting to PostgreSQL
DEBUG:root:Database connection established.
INFO:root:Constructing parser
DEBUG:root:Constructing put subparser
DEBUG:root:constructing a get subparser
DEBUG:root:constructing a catalog subparser
DEBUG:root:constructing a search subparser
DEBUG:root:getting all key-message pairs with 'remove' in the message
DEBUG:root:Connecting to PostgreSQL
DEBUG:root:Database connection established.
INFO:root:Constructing parser
DEBUG:root:Constructing put subparser
DEBUG:root:constructing a get subparser
DEBUG:root:constructing a catalog subparser
DEBUG:root:constructing a search subparser
DEBUG:root:getting all key-message pairs with 'remove' in the message
DEBUG:root:Connecting to PostgreSQL
DEBUG:root:Database connection established.
INFO:root:Constructing parser
DEBUG:root:Constructing put subparser
DEBUG:root:constructing a get subparser
DEBUG:root:constructing a catalog subparser
DEBUG:root:constructing a search subparser
DEBUG:root:getting all key-message pairs with 'remove' in the message
DEBUG:root:All matching keys returned succesfully
DEBUG:root:Connecting to PostgreSQL
DEBUG:root:Database connection established.
INFO:root:Constructing parser
DEBUG:root:Constructing put subparser
DEBUG:root:constructing a get subparser
DEBUG:root:constructing a catalog subparser
DEBUG:root:constructing a search subparser
DEBUG:root:getting all key-message pairs with 'add' in the message
DEBUG:root:All matching keys returned succesfully
DEBUG:root:Connecting to PostgreSQL
DEBUG:root:Database connection established.
INFO:root:Constructing parser
DEBUG:root:Constructing put subparser
DEBUG:root:constructing a get subparser
DEBUG:root:constructing a catalog subparser
DEBUG:root:constructing a search subparser
DEBUG:root:getting all key-message pairs with 'add' in the message
DEBUG:root:Connecting to PostgreSQL
DEBUG:root:Database connection established.
INFO:root:Constructing parser
DEBUG:root:Constructing put subparser
DEBUG:root:constructing a get subparser
DEBUG:root:constructing a catalog subparser
DEBUG:root:constructing a search subparser
DEBUG:root:getting all key-message pairs with 'add' in the message
DEBUG:root:Connecting to PostgreSQL
DEBUG:root:Database connection established.
INFO:root:Constructing parser
DEBUG:root:Constructing put subparser
DEBUG:root:constructing a get subparser
DEBUG:root:constructing a catalog subparser
DEBUG:root:constructing a search subparser
DEBUG:root:getting all key-message pairs with 'add' in the message
DEBUG:root:All matching keys returned succesfully
DEBUG:root:Connecting to PostgreSQL
DEBUG:root:Database connection established.
INFO:root:Constructing parser
DEBUG:root:Constructing put subparser
DEBUG:root:constructing a get subparser
DEBUG:root:constructing a catalog subparser
DEBUG:root:constructing a search subparser
DEBUG:root:getting all key-message pairs with 'remove' in the message
DEBUG:root:All matching keys returned succesfully
DEBUG:root:Connecting to PostgreSQL
DEBUG:root:Database connection established.
INFO:root:Constructing parser
DEBUG:root:Constructing put subparser
DEBUG:root:constructing a get subparser
DEBUG:root:constructing a catalog subparser
DEBUG:root:constructing a search subparser
DEBUG:root:getting all key-message pairs with 'take' in the message
DEBUG:root:All matching keys returned succesfully
DEBUG:root:Connecting to PostgreSQL
DEBUG:root:Database connection established.
INFO:root:Constructing parser
DEBUG:root:Constructing put subparser
DEBUG:root:constructing a get subparser
DEBUG:root:constructing a catalog subparser
DEBUG:root:constructing a search subparser
DEBUG:root:getting all key-message pairs with 'take' in the message
DEBUG:root:no matches in db
DEBUG:root:Connecting to PostgreSQL
DEBUG:root:Database connection established.
INFO:root:Constructing parser
DEBUG:root:Constructing put subparser
DEBUG:root:constructing a get subparser
DEBUG:root:constructing a catalog subparser
DEBUG:root:constructing a search subparser
DEBUG:root:getting all key-message pairs with 'remove' in the message
DEBUG:root:All matching keys returned succesfully
